{
  "stats": {
    "suites": 1,
    "tests": 3,
    "passes": 2,
    "pending": 0,
    "failures": 1,
    "start": "2021-02-19T17:11:28.161Z",
    "end": "2021-02-19T17:11:30.995Z",
    "duration": 2834,
    "testsRegistered": 3,
    "passPercent": 66.66666666666666,
    "pendingPercent": 0,
    "other": 0,
    "hasOther": false,
    "skipped": 0,
    "hasSkipped": false
  },
  "results": [
    {
      "uuid": "c724dcdb-8412-4be3-95dd-cd08a0dbf700",
      "title": "",
      "fullFile": "cypress\\integration\\tests.spec.js",
      "file": "cypress\\integration\\tests.spec.js",
      "beforeHooks": [],
      "afterHooks": [],
      "tests": [],
      "suites": [
        {
          "uuid": "8202f31c-88ca-4f02-8412-4f9543c1e9d8",
          "title": "suite",
          "fullFile": "",
          "file": "",
          "beforeHooks": [],
          "afterHooks": [],
          "tests": [
            {
              "title": "auth",
              "fullTitle": "suite auth",
              "timedOut": null,
              "duration": 1646,
              "state": "passed",
              "speed": "slow",
              "pass": true,
              "fail": false,
              "pending": false,
              "context": null,
              "code": "_LogInForm.logForm.inputEmail(inputemail);\n_LogInForm.logForm.inputPassword(inputpassword);\n_LogInForm.logForm.logInButtonClick();",
              "err": {},
              "uuid": "f922889f-3289-4674-b5ac-d302df0423ea",
              "parentUUID": "8202f31c-88ca-4f02-8412-4f9543c1e9d8",
              "isHook": false,
              "skipped": false
            },
            {
              "title": "allEmptyInputs",
              "fullTitle": "suite allEmptyInputs",
              "timedOut": null,
              "duration": 357,
              "state": "passed",
              "speed": "slow",
              "pass": true,
              "fail": false,
              "pending": false,
              "context": null,
              "code": "_LogInForm.logForm.logInButtonClick();\n_LogInForm.logForm.isEmptyUsernameError();\n_LogInForm.logForm.isEmptyPasswordError();",
              "err": {},
              "uuid": "bfdad6f8-bd0d-408c-b5e7-a297c08c6c6c",
              "parentUUID": "8202f31c-88ca-4f02-8412-4f9543c1e9d8",
              "isHook": false,
              "skipped": false
            },
            {
              "title": "wrongEmail",
              "fullTitle": "suite wrongEmail",
              "timedOut": null,
              "duration": 635,
              "state": "failed",
              "speed": null,
              "pass": false,
              "fail": true,
              "pending": false,
              "context": null,
              "code": "_LogInForm.logForm.inputEmail(inputemail);\n_LogInForm.logForm.inputPassword(inputpassword);\n_LogInForm.logForm.logInButtonClick();\n_LogInForm.logForm.isNoAccFoundError();",
              "err": {
                "message": "AssertionError: expected { Object (userInvocationStack, specWindow, ...) } to not exist",
                "estack": "AssertionError: expected { Object (userInvocationStack, specWindow, ...) } to not exist\n    at logInForm.isNoAccFoundError (https://www.pecodesoftware.com/__cypress/tests?p=cypress\\integration\\tests.spec.js:206:39)\n    at Context.eval (https://www.pecodesoftware.com/__cypress/tests?p=cypress\\integration\\tests.spec.js:129:24)",
                "diff": null
              },
              "uuid": "8800c85f-dd8f-45d1-b06d-15628cad971d",
              "parentUUID": "8202f31c-88ca-4f02-8412-4f9543c1e9d8",
              "isHook": false,
              "skipped": false
            }
          ],
          "suites": [],
          "passes": [
            "f922889f-3289-4674-b5ac-d302df0423ea",
            "bfdad6f8-bd0d-408c-b5e7-a297c08c6c6c"
          ],
          "failures": [
            "8800c85f-dd8f-45d1-b06d-15628cad971d"
          ],
          "pending": [],
          "skipped": [],
          "duration": 2638,
          "root": false,
          "rootEmpty": false,
          "_timeout": 2000
        }
      ],
      "passes": [],
      "failures": [],
      "pending": [],
      "skipped": [],
      "duration": 0,
      "root": true,
      "rootEmpty": true,
      "_timeout": 2000
    }
  ],
  "meta": {
    "mocha": {
      "version": "7.0.1"
    },
    "mochawesome": {
      "options": {
        "quiet": false,
        "reportFilename": "mochawesome",
        "saveHtml": true,
        "saveJson": true,
        "consoleReporter": "spec",
        "useInlineDiffs": false,
        "code": true
      },
      "version": "6.2.2"
    },
    "marge": {
      "options": {
        "configFile": "reporter-config.json"
      },
      "version": "5.2.0"
    }
  }
}